[0m21:41:58.362108 [debug] [MainThread]: Sending event: {'category': 'dbt', 'action': 'invocation', 'label': 'start', 'context': [<snowplow_tracker.self_describing_json.SelfDescribingJson object at 0x102856d10>, <snowplow_tracker.self_describing_json.SelfDescribingJson object at 0x1055d1b10>, <snowplow_tracker.self_describing_json.SelfDescribingJson object at 0x1055ffad0>]}


============================== 21:41:58.365534 | 8a49eb54-a3e8-4314-bf00-fd618d73620c ==============================
[0m21:41:58.365534 [info ] [MainThread]: Running with dbt=1.11.6
[0m21:41:58.365972 [debug] [MainThread]: running dbt with arguments {'cache_selected_only': 'False', 'empty': 'None', 'no_print': 'None', 'profiles_dir': '/Users/sidhanthmantena/.dbt', 'debug': 'False', 'quiet': 'False', 'static_parser': 'True', 'log_path': 'logs', 'use_experimental_parser': 'False', 'fail_fast': 'False', 'use_colors': 'True', 'send_anonymous_usage_stats': 'True', 'target_path': 'None', 'warn_error': 'None', 'indirect_selection': 'eager', 'partial_parse': 'True', 'version_check': 'True', 'invocation_command': 'dbt init retail_analytics', 'introspect': 'True', 'warn_error_options': 'WarnErrorOptionsV2(error=[], warn=[], silence=[])', 'printer_width': '80', 'log_cache_events': 'False', 'write_json': 'True', 'log_format': 'default'}
[0m21:41:58.377484 [info ] [MainThread]: Creating dbt configuration folder at /Users/sidhanthmantena/.dbt
[0m21:41:58.378768 [debug] [MainThread]: Starter project path: /Users/sidhanthmantena/miniforge3/envs/retail-analytics/lib/python3.11/site-packages/dbt/include/starter_project
[0m21:41:58.383097 [info ] [MainThread]: 
Your new dbt project "retail_analytics" was created!

For more information on how to configure the profiles.yml file,
please consult the dbt documentation here:

  https://docs.getdbt.com/docs/configure-your-profile

One more thing:

Need help? Don't hesitate to reach out to us via GitHub issues or on Slack:

  https://community.getdbt.com/

Happy modeling!

[0m21:41:58.383402 [info ] [MainThread]: Setting up your profile.
[0m21:48:05.869182 [info ] [MainThread]: Profile retail_analytics written to /Users/sidhanthmantena/.dbt/profiles.yml using target's profile_template.yml and your supplied values. Run 'dbt debug' to validate the connection.
[0m21:48:06.268113 [debug] [MainThread]: Resource report: {"command_name": "init", "command_success": true, "command_wall_clock_time": 367.96127, "process_in_blocks": "0", "process_kernel_time": 0.217742, "process_mem_max_rss": "119685120", "process_out_blocks": "0", "process_user_time": 0.971123}
[0m21:48:06.268576 [debug] [MainThread]: Command `dbt init` succeeded at 21:48:06.268505 after 367.96 seconds
[0m21:48:06.268842 [debug] [MainThread]: Sending event: {'category': 'dbt', 'action': 'invocation', 'label': 'end', 'context': [<snowplow_tracker.self_describing_json.SelfDescribingJson object at 0x10557d690>, <snowplow_tracker.self_describing_json.SelfDescribingJson object at 0x1010ddbd0>, <snowplow_tracker.self_describing_json.SelfDescribingJson object at 0x1010dde50>]}
[0m21:48:06.269116 [debug] [MainThread]: Flushing usage events
[0m21:48:07.268236 [debug] [MainThread]: An error was encountered while trying to flush usage events
